<?xml version="1.0" encoding="UTF-8"?>
<testng-results ignored="0" total="1" passed="1" failed="0" skipped="0">
  <reporter-output>
  </reporter-output>
  <suite started-at="2026-06-10T20:56:42 IST" name="Default suite" finished-at="2026-06-10T20:56:42 IST" duration-ms="62">
    <groups>
    </groups>
    <test started-at="2026-06-10T20:56:42 IST" name="Default test" finished-at="2026-06-10T20:56:42 IST" duration-ms="62">
      <class name="testcases.ReceiveMailTest">
        <test-method is-config="true" signature="launchApp()[pri:0, instance:testcases.ReceiveMailTest@5b8dfcc1]" started-at="2026-06-10T20:56:42 IST" name="launchApp" finished-at="2026-06-10T20:56:42 IST" duration-ms="11" status="PASS">
          <reporter-output>
          </reporter-output>
        </test-method> <!-- launchApp -->
        <test-method is-config="true" signature="login()[pri:0, instance:testcases.ReceiveMailTest@5b8dfcc1]" started-at="2026-06-10T20:56:42 IST" name="login" finished-at="2026-06-10T20:56:42 IST" duration-ms="1" status="PASS">
          <reporter-output>
          </reporter-output>
        </test-method> <!-- login -->
        <test-method signature="receiveMail()[pri:0, instance:testcases.ReceiveMailTest@5b8dfcc1]" started-at="2026-06-10T20:56:42 IST" name="receiveMail" finished-at="2026-06-10T20:56:42 IST" duration-ms="9" status="PASS">
          <reporter-output>
          </reporter-output>
        </test-method> <!-- receiveMail -->
        <test-method is-config="true" signature="logout()[pri:0, instance:testcases.ReceiveMailTest@5b8dfcc1]" started-at="2026-06-10T20:56:42 IST" name="logout" finished-at="2026-06-10T20:56:42 IST" duration-ms="2" status="PASS">
          <reporter-output>
          </reporter-output>
        </test-method> <!-- logout -->
        <test-method is-config="true" signature="closeApp()[pri:0, instance:testcases.ReceiveMailTest@5b8dfcc1]" started-at="2026-06-10T20:56:42 IST" name="closeApp" finished-at="2026-06-10T20:56:42 IST" duration-ms="1" status="PASS">
          <reporter-output>
          </reporter-output>
        </test-method> <!-- closeApp -->
      </class> <!-- testcases.ReceiveMailTest -->
    </test> <!-- Default test -->
  </suite> <!-- Default suite -->
</testng-results>
