<?xml version="1.0" encoding="UTF-8"?>
<testng-results ignored="0" total="2" passed="2" failed="0" skipped="0">
  <reporter-output>
  </reporter-output>
  <suite started-at="2026-06-10T09:35:40 IST" name="GMail Test Suite" finished-at="2026-06-10T09:35:40 IST" duration-ms="265">
    <groups>
    </groups>
    <test started-at="2026-06-10T09:35:40 IST" name="Send Mail TestCase" finished-at="2026-06-10T09:35:40 IST" duration-ms="83">
      <class name="testcases.SendMailTest">
        <test-method is-config="true" signature="login()[pri:0, instance:testcases.SendMailTest@49049a04]" started-at="2026-06-10T09:35:40 IST" name="login" finished-at="2026-06-10T09:35:40 IST" duration-ms="1" status="PASS">
          <reporter-output>
          </reporter-output>
        </test-method> <!-- login -->
        <test-method signature="sendMail(java.lang.String,java.lang.String)[pri:0, instance:testcases.SendMailTest@49049a04]" started-at="2026-06-10T09:35:40 IST" name="sendMail" finished-at="2026-06-10T09:35:40 IST" duration-ms="7" status="PASS">
          <params>
            <param index="0">
              <value>
                <![CDATA[sureshbabu.qedge@gmail.com]]>
              </value>
            </param>
            <param index="1">
              <value>
                <![CDATA[QA Job Openings]]>
              </value>
            </param>
          </params>
          <reporter-output>
          </reporter-output>
        </test-method> <!-- sendMail -->
        <test-method is-config="true" signature="logout()[pri:0, instance:testcases.SendMailTest@49049a04]" started-at="2026-06-10T09:35:40 IST" name="logout" finished-at="2026-06-10T09:35:40 IST" duration-ms="1" status="PASS">
          <reporter-output>
          </reporter-output>
        </test-method> <!-- logout -->
      </class> <!-- testcases.SendMailTest -->
    </test> <!-- Send Mail TestCase -->
    <test started-at="2026-06-10T09:35:40 IST" name="Receive Mail TestCase" finished-at="2026-06-10T09:35:40 IST" duration-ms="9">
      <class name="testcases.ReceiveMailTest">
        <test-method is-config="true" signature="launchApp()[pri:0, instance:testcases.ReceiveMailTest@5677323c]" started-at="2026-06-10T09:35:40 IST" name="launchApp" finished-at="2026-06-10T09:35:40 IST" duration-ms="35" status="PASS">
          <reporter-output>
          </reporter-output>
        </test-method> <!-- launchApp -->
        <test-method is-config="true" signature="login()[pri:0, instance:testcases.ReceiveMailTest@5677323c]" started-at="2026-06-10T09:35:40 IST" name="login" finished-at="2026-06-10T09:35:40 IST" duration-ms="1" status="PASS">
          <reporter-output>
          </reporter-output>
        </test-method> <!-- login -->
        <test-method signature="receiveMail()[pri:0, instance:testcases.ReceiveMailTest@5677323c]" started-at="2026-06-10T09:35:40 IST" name="receiveMail" finished-at="2026-06-10T09:35:40 IST" duration-ms="3" status="PASS">
          <reporter-output>
          </reporter-output>
        </test-method> <!-- receiveMail -->
        <test-method is-config="true" signature="logout()[pri:0, instance:testcases.ReceiveMailTest@5677323c]" started-at="2026-06-10T09:35:40 IST" name="logout" finished-at="2026-06-10T09:35:40 IST" duration-ms="0" status="PASS">
          <reporter-output>
          </reporter-output>
        </test-method> <!-- logout -->
        <test-method is-config="true" signature="closeApp()[pri:0, instance:testcases.ReceiveMailTest@5677323c]" started-at="2026-06-10T09:35:40 IST" name="closeApp" finished-at="2026-06-10T09:35:40 IST" duration-ms="0" status="PASS">
          <reporter-output>
          </reporter-output>
        </test-method> <!-- closeApp -->
      </class> <!-- testcases.ReceiveMailTest -->
    </test> <!-- Receive Mail TestCase -->
  </suite> <!-- GMail Test Suite -->
</testng-results>
